🚀 Initializing 3D IC Designer for Spec: configs/cxl_64g.json
🔍 Analysis: Reach=1.5mm, Target Loss=0dB, Config Material=
✅ Short Reach Mode. Using Configured Material (Defaulting to Silicon/FR4 if unspecified).
📂 [Phase 1] Generating 5-layer 3D Voxel Tensors ()...
Generating 50 samples with 5 layers...
  Creating random Power Maps...
  Solving for Thermal Distribution (This may take a while)...
  [Solver] Built Face_to_Face Stack: ['Die', 'Hybrid_Bond', 'Die', 'C4_BGA', 'Package']
    Processed 0/50 samples...
  Saved x_physics.pt and y_spatial.pt to data/
  Stats: Max Temp = 86.67C, Avg Temp = 25.36C
  Max Jitter Tax observed: 0.0617 UI
  [Solver] Built Face_to_Face Stack: ['Die', 'Hybrid_Bond', 'Die', 'C4_BGA', 'Package']
Running Nodal Laplacian Check...
  Topology: Face_to_Face
  Test Hotspot (10W): Max T = 27.16C, Min T = 25.00C
  Gradient Check: Layer 0 (27.16C) vs Layer 1 (25.48C)
  ✅ Gradient Correct: Heat flowing from Source to Sink.
🧠 [Phase 2] Training Multi-Channel FNO (Z-Axis as Channels)...
/Users/joepereira/code/3D-IC-Design/physics_accelerated/src/train.py:75: UserWarning: To copy construct from a tensor, it is recommended to use sourceTensor.detach().clone() or sourceTensor.detach().clone().requires_grad_(True), rather than torch.tensor(sourceTensor).
  gridx = torch.tensor(torch.linspace(0, 1, size_x), dtype=torch.float)
/Users/joepereira/code/3D-IC-Design/physics_accelerated/src/train.py:77: UserWarning: To copy construct from a tensor, it is recommended to use sourceTensor.detach().clone() or sourceTensor.detach().clone().requires_grad_(True), rather than torch.tensor(sourceTensor).
  gridy = torch.tensor(torch.linspace(0, 1, size_y), dtype=torch.float)
🚀 Training FNO Surrogate on cpu...
DEBUG: CWD is /Users/joepereira/code/3D-IC-Design/physics_accelerated
DEBUG: Checking /Users/joepereira/code/3D-IC-Design/physics_accelerated/data
DEBUG: Contents of data: ['x_physics.pt', 'y_spatial.pt']
  Epoch 0/5 | Loss: 4.766426 | LR: 1.0e-03
✅ Training Complete in 0.45s
  Saved model and stats to results/
📈 [Phase 3] Running GEPA Search for Golden Config...
📈 Starting GEPA Multi-Objective Optimization...
  Loaded Surrogate Model & Norm Stats.

🌍 Reach Classification: XSR (1.5mm)
  -> Budget: 3 dB Loss | 0.3 pJ/b
  -> Arch: None EQ | Forwarded Clocking
  Exploring design space: 50 candidates x 10 generations...
  Best Design: Temp=25.92C, Reach=0.00mm

✅ Saved optimized configuration to results/golden_config.json
🏗️  [Phase 4] Physical Synthesis & SI Verification...

🌊 SI Loss Waterfall Analysis (Material: Megtron_7)
  [1] Pkg Escape:   3.00 dB
  [2] PCB Trace:    0.21 dB (0.06")
  [3] Connectors:   2.50 dB
  [4] XTK (SNR):    5.00 dB
  [5] Thermal:      0.50 dB
  ---------------------------
  Total IL:         11.21 dB @ Nyquist

🔍 Sign-off Metrics (Target >0.45 UI, >40mV):
  Eye Width:  0.776 UI
  Eye Height: 220.2 mV
  ✅ PASSED: Design within 2026 Sign-off margins.

✅ Sign-off report appended to golden_config.json
  [DEBUG] SI Analyzer V3: BW=64.0 Gbps, Material Config=Megtron7
  🔍 SI Analysis: PAM4 | CDR | 0.06" on Megtron7
    - Signaling:     Diff (XTK: 1.0dB)
    - VDDQ Swing:    1.00V (SNR Tax: 0.00 dB)

📢 Verdict: ✅ PASS | Loss: 7.1dB | Eye: 0.821 UI
⚠️ OpenROAD skipping (mock run).
✅ 224G Project Sign-off Complete. Check ./reports/voxel_si_report.pdf
