🚀 Initializing 3D IC Designer for Spec: configs/formal_spec.json
🔍 Analysis: Reach=0mm, Target Loss=0dB, Config Material=Megtron7
✅ Using Material from Config: Megtron7
📂 [Phase 1] Generating 5-layer 3D Voxel Tensors (Megtron7)...
Generating 50 samples with 5 layers...
  Creating random Power Maps...
  Solving for Thermal Distribution (This may take a while)...
  [Solver] Built Face_to_Face Stack: ['Die', 'Hybrid_Bond', 'Die', 'C4_BGA', 'Package']
    Processed 0/50 samples...
  Saved x_physics.pt and y_spatial.pt to data/
  Stats: Max Temp = 4245.29C, Avg Temp = 49.65C
  Max Jitter Tax observed: 4.2203 UI
  [Solver] Built Face_to_Face Stack: ['Die', 'Hybrid_Bond', 'Die', 'C4_BGA', 'Package']
Running Nodal Laplacian Check...
  Topology: Face_to_Face
  Test Hotspot (10W): Max T = 27.16C, Min T = 25.00C
  Gradient Check: Layer 0 (27.16C) vs Layer 1 (25.48C)
  ✅ Gradient Correct: Heat flowing from Source to Sink.
🧠 [Phase 2] Training Multi-Channel FNO (Z-Axis as Channels)...
/Users/joepereira/code/3D-IC-Design/physics_accelerated/src/train.py:75: UserWarning: To copy construct from a tensor, it is recommended to use sourceTensor.detach().clone() or sourceTensor.detach().clone().requires_grad_(True), rather than torch.tensor(sourceTensor).
  gridx = torch.tensor(torch.linspace(0, 1, size_x), dtype=torch.float)
/Users/joepereira/code/3D-IC-Design/physics_accelerated/src/train.py:77: UserWarning: To copy construct from a tensor, it is recommended to use sourceTensor.detach().clone() or sourceTensor.detach().clone().requires_grad_(True), rather than torch.tensor(sourceTensor).
  gridy = torch.tensor(torch.linspace(0, 1, size_y), dtype=torch.float)
🚀 Training FNO Surrogate on cpu...
DEBUG: CWD is /Users/joepereira/code/3D-IC-Design/physics_accelerated
DEBUG: Checking /Users/joepereira/code/3D-IC-Design/physics_accelerated/data
DEBUG: Contents of data: ['x_physics.pt', 'y_spatial.pt']
  Epoch 0/5 | Loss: 4.610100 | LR: 1.0e-03
✅ Training Complete in 0.47s
  Saved model and stats to results/
📈 [Phase 3] Running GEPA Search for Golden Config...
📈 Starting GEPA Multi-Objective Optimization...
  Loaded Surrogate Model & Norm Stats.

🌍 Reach Classification: XSR (1.5mm)
  -> Budget: 3 dB Loss | 0.3 pJ/b
  -> Arch: None EQ | Forwarded Clocking
  Exploring design space: 50 candidates x 10 generations...
  Best Design: Temp=97.51C, Reach=0.60mm

✅ Saved optimized configuration to results/golden_config.json
🏗️  [Phase 4] Physical Synthesis & SI Verification...

🌊 SI Loss Waterfall Analysis (Material: Megtron7)
  [1] Pkg Escape:   3.00 dB
  [2] PCB Trace:    0.69 dB (0.06")
  [3] Connectors:   2.50 dB
  [4] XTK (SNR):    1.00 dB
  [5] Thermal:      1.81 dB
  ---------------------------
  Total IL:         9.00 dB @ Nyquist

🔍 Sign-off Metrics (Target >0.45 UI, >40mV):
  Eye Width:  0.820 UI
  Eye Height: 283.9 mV
  ✅ PASSED: Design within 2026 Sign-off margins.

✅ Sign-off report appended to golden_config.json
  [DEBUG] SI Analyzer V3: BW=224.0 Gbps, Material Config=Megtron7
  🔍 SI Analysis: PAM4 | CDR | 1.97" on Megtron7
    - Signaling:     Diff (XTK: 1.0dB)
    - VDDQ Swing:    1.00V (SNR Tax: 0.00 dB)
    - DSP Gain:      +18.00 dB (224G Ultra-DSP)

📢 Verdict: ✅ PASS | Loss: 11.9dB | Eye: 1.000 UI
⚠️ OpenROAD skipping (mock run).
✅ 224G Project Sign-off Complete. Check ./reports/voxel_si_report.pdf
